<?xml version="1.0" encoding="UTF-8"?>
<testsuites name="Mocha Tests" time="0.017" tests="4" failures="1">
  <testsuite name="Root Suite" timestamp="2018-11-18T04:32:28" tests="0" failures="0" time="0">
  </testsuite>
  <testsuite name="Utils" timestamp="2018-11-18T04:32:28" tests="4" file="/home/arnel/Amaysim/test/app.spec.js" failures="1" time="0.017">
    <testcase name="Utils should return find value" time="0.005" classname="should return find value">
    </testcase>
    <testcase name="Utils should return array ojects" time="0.004" classname="should return array ojects">
    </testcase>
    <testcase name="Utils should add shopping cart" time="0.008" classname="should add shopping cart">
      <failure message="Unspecified AssertionError" type="AssertionError"><![CDATA[AssertionError: Unspecified AssertionError
    at Context.it (test/app.spec.js:78:9)]]></failure>
    </testcase>
    <testcase name="Utils should total shopping cart" time="0" classname="should total shopping cart">
    </testcase>
  </testsuite>
</testsuites>